DiagnosticsPlugin.exe Information: 0 : [02.10.2022 17:28:19] Starting DiagnosticPlugin.exe DiagnosticPlugin-ShutdownEvent DiagnosticPlugin-TotalShutdownEvent -wadVer1v5
DiagnosticsPlugin.exe Error: 0 : [02.10.2022 17:28:19] Failed to save IIS Directory state
DiagnosticsPlugin.exe Error: 0 : [02.10.2022 17:28:19] System.Runtime.InteropServices.COMException (0x80040154): Не удалось получить фабрику класса COM для компонента с CLSID {2B72133B-3F5B-4602-8952-803546CE3344} из-за следующей ошибки: 80040154 Класс не зарегистрирован (Исключение из HRESULT: 0x80040154 (REGDB_E_CLASSNOTREG)).
   в System.Runtime.Remoting.RemotingServices.AllocateUninitializedObject(RuntimeType objectType)
   в System.Runtime.Remoting.Activation.ActivationServices.CreateInstance(RuntimeType serverType)
   в System.Runtime.Remoting.Activation.ActivationServices.IsCurrentContextOK(RuntimeType serverType, Object[] props, Boolean bNewObj)
   в System.RuntimeTypeHandle.CreateInstance(RuntimeType type, Boolean publicOnly, Boolean noCheck, Boolean& canBeCached, RuntimeMethodHandleInternal& ctor, Boolean& bNeedSecurityCheck)
   в System.RuntimeType.CreateInstanceSlow(Boolean publicOnly, Boolean skipCheckThis, Boolean fillCache, StackCrawlMark& stackMark)
   в System.Activator.CreateInstance[T]()
   в Microsoft.Web.Administration.ConfigurationManager.CreateAdminManager[TClass,TInterface](WebConfigurationMap webConfigMap, Boolean isAdminConfig)
   в Microsoft.Web.Administration.ConfigurationManager.CreateConfiguration(WebConfigurationMap configMap, String configPathToEdit, Boolean isAdminConfig)
   в Microsoft.Web.Administration.ConfigurationManager.GetConfiguration(String rawConfigurationPath, String cacheKey, Boolean isAdminConfig)
   в Microsoft.Web.Administration.ServerManager.get_SitesSection()
   в Microsoft.Web.Administration.ServerManager.get_Sites()
   в Microsoft.Azure.Plugins.Plugin.DiagnosticsPluginManager.SaveIISDirectoryState()
DiagnosticsPlugin.exe Information: 0 : [02.10.2022 17:28:20] Starting DiagnosticsPlugin
DiagnosticsPlugin.exe Information: 0 : [02.10.2022 17:28:20] Emulator config file set to D:\Fourth\sem 1\XO\GuestBook_AzureCloudService-main\Begin\GuestBook\csx\Debug\roles\GuestBook_WebRole\approot\diagnostics.wadcfgx
DiagnosticsPlugin.exe Information: 0 : [02.10.2022 17:28:20] DiagnosticsStoreRootPath set to: C:\Users\Xiaomi\AppData\Local\dftmp\Resources\bf672f8a-d08e-417f-98fd-4d299ff5c6da
DiagnosticsPlugin.exe Information: 0 : [02.10.2022 17:28:20] Loading config file: D:\Fourth\sem 1\XO\GuestBook_AzureCloudService-main\Begin\GuestBook\csx\Debug\roles\GuestBook_WebRole\approot\diagnostics.wadcfgx
DiagnosticsPlugin.exe Information: 0 : [02.10.2022 17:28:20] Config file to read: D:\Fourth\sem 1\XO\GuestBook_AzureCloudService-main\Begin\GuestBook\csx\Debug\roles\GuestBook_WebRole\approot\diagnostics.wadcfgx
DiagnosticsPlugin.exe Information: 0 : [02.10.2022 17:28:20] Checking VM Type
DiagnosticsPlugin.exe Information: 0 : [02.10.2022 17:28:20] Emulator config file set to D:\Fourth\sem 1\XO\GuestBook_AzureCloudService-main\Begin\GuestBook\csx\Debug\roles\GuestBook_WebRole\approot\diagnostics.wadcfgx
DiagnosticsPlugin.exe Information: 0 : [02.10.2022 17:28:20] Extension set to Emulator Mode
DiagnosticsPlugin.exe Information: 0 : [02.10.2022 17:28:20] Reading XML configuration file
DiagnosticsPlugin.exe Information: 0 : [02.10.2022 17:28:20] Bypassing private config decryption
DiagnosticsPlugin.exe Information: 0 : [02.10.2022 17:28:20] WadCfg is provided in initial configuration. Using that to initialize Diagnostics.
DiagnosticsPlugin.exe Information: 0 : [02.10.2022 17:28:20] <PublicConfig xmlns="http://schemas.microsoft.com/ServiceHosting/2010/10/DiagnosticsConfiguration">
  <WadCfg>
    <DiagnosticMonitorConfiguration overallQuotaInMB="4096">
      <DiagnosticInfrastructureLogs scheduledTransferLogLevelFilter="Error" />
      <Logs scheduledTransferPeriod="PT1M" scheduledTransferLogLevelFilter="Error" />
      <Directories scheduledTransferPeriod="PT1M">
        <IISLogs containerName="wad-iis-logfiles" />
        <FailedRequestLogs containerName="wad-failedrequestlogs" />
      </Directories>
      <WindowsEventLog scheduledTransferPeriod="PT1M">
        <DataSource name="Application!*[System[(Level=1 or Level=2 or Level=3)]]" />
        <DataSource name="Windows Azure!*[System[(Level=1 or Level=2 or Level=3 or Level=4)]]" />
      </WindowsEventLog>
      <CrashDumps containerName="wad-crashdumps" dumpType="Mini">
        <CrashDumpConfiguration processName="WaIISHost.exe" />
        <CrashDumpConfiguration processName="WaWorkerHost.exe" />
        <CrashDumpConfiguration processName="w3wp.exe" />
      </CrashDumps>
      <PerformanceCounters scheduledTransferPeriod="PT1M">
        <PerformanceCounterConfiguration counterSpecifier="\Memory\Available MBytes" sampleRate="PT3M" />
        <PerformanceCounterConfiguration counterSpecifier="\Web Service(_Total)\ISAPI Extension Requests/sec" sampleRate="PT3M" />
        <PerformanceCounterConfiguration counterSpecifier="\Web Service(_Total)\Bytes Total/Sec" sampleRate="PT3M" />
        <PerformanceCounterConfiguration counterSpecifier="\ASP.NET Applications(__Total__)\Requests/Sec" sampleRate="PT3M" />
        <PerformanceCounterConfiguration counterSpecifier="\ASP.NET Applications(__Total__)\Errors Total/Sec" sampleRate="PT3M" />
        <PerformanceCounterConfiguration counterSpecifier="\ASP.NET\Requests Queued" sampleRate="PT3M" />
        <PerformanceCounterConfiguration counterSpecifier="\ASP.NET\Requests Rejected" sampleRate="PT3M" />
        <PerformanceCounterConfiguration counterSpecifier="\Processor(_Total)\% Processor Time" sampleRate="PT3M" />
      </PerformanceCounters>
    </DiagnosticMonitorConfiguration>
  </WadCfg>
  <StorageAccount>devstoreaccount1</StorageAccount>
</PublicConfig>
DiagnosticsPlugin.exe Information: 0 : [02.10.2022 17:28:20] Private setting is loaded
DiagnosticsPlugin.exe Information: 0 : [02.10.2022 17:28:20] Is config json/xml loaded
DiagnosticsPlugin.exe Information: 0 : [02.10.2022 17:28:20] Checking if configuration needs to be fetched from the storage account and doing so if needed.
DiagnosticsPlugin.exe Information: 0 : [02.10.2022 17:28:20] Successfully created checkpoint file C:\Users\Xiaomi\AppData\Local\dftmp\Resources\bf672f8a-d08e-417f-98fd-4d299ff5c6da\WAD0105\Configuration\Checkpoint.txt
DiagnosticsPlugin.exe Information: 0 : [02.10.2022 17:28:20] Will use local resource directory C:\Users\Xiaomi\AppData\Local\dftmp\Resources\bf672f8a-d08e-417f-98fd-4d299ff5c6da\WAD0105
DiagnosticsPlugin.exe Information: 0 : [02.10.2022 17:28:20] Will use endpoint https://core.windows.net for storage.
DiagnosticsPlugin.exe Information: 0 : [02.10.2022 17:28:21] Exception in creating the ServerManager; is IIS installed?
 Error:System.Runtime.InteropServices.COMException (0x80040154): Не удалось получить фабрику класса COM для компонента с CLSID {2B72133B-3F5B-4602-8952-803546CE3344} из-за следующей ошибки: 80040154 Класс не зарегистрирован (Исключение из HRESULT: 0x80040154 (REGDB_E_CLASSNOTREG)).
   в System.Runtime.Remoting.RemotingServices.AllocateUninitializedObject(RuntimeType objectType)
   в System.Runtime.Remoting.Activation.ActivationServices.CreateInstance(RuntimeType serverType)
   в System.Runtime.Remoting.Activation.ActivationServices.IsCurrentContextOK(RuntimeType serverType, Object[] props, Boolean bNewObj)
   в System.RuntimeTypeHandle.CreateInstance(RuntimeType type, Boolean publicOnly, Boolean noCheck, Boolean& canBeCached, RuntimeMethodHandleInternal& ctor, Boolean& bNeedSecurityCheck)
   в System.RuntimeType.CreateInstanceSlow(Boolean publicOnly, Boolean skipCheckThis, Boolean fillCache, StackCrawlMark& stackMark)
   в System.Activator.CreateInstance[T]()
   в Microsoft.Web.Administration.ConfigurationManager.CreateAdminManager[TClass,TInterface](WebConfigurationMap webConfigMap, Boolean isAdminConfig)
   в Microsoft.Web.Administration.ConfigurationManager.CreateConfiguration(WebConfigurationMap configMap, String configPathToEdit, Boolean isAdminConfig)
   в Microsoft.Web.Administration.ConfigurationManager.GetConfiguration(String rawConfigurationPath, String cacheKey, Boolean isAdminConfig)
   в Microsoft.Web.Administration.ServerManager.get_SitesSection()
   в Microsoft.Web.Administration.ServerManager.get_Sites()
   в Microsoft.Azure.Plugins.Plugin.WadConfigProcessor.AddDirectories(EventsType mdsEvents, Directories wadDirectories)
DiagnosticsPlugin.exe Information: 0 : [02.10.2022 17:28:21] Running in emulator mode, crash dumps not enabled
DiagnosticsPlugin.exe Information: 0 : [02.10.2022 17:28:21] Checking to see if Application Insights extension needs to be configured.
DiagnosticsPlugin.exe Information: 0 : [02.10.2022 17:28:21] In emulator mode and using devstore updating XStoreAccount info, command line args: -LocalPath "C:\Users\Xiaomi\AppData\Local\dftmp\Resources\bf672f8a-d08e-417f-98fd-4d299ff5c6da\WAD0105"  -ConfigFile "C:\Users\Xiaomi\AppData\Local\dftmp\Resources\bf672f8a-d08e-417f-98fd-4d299ff5c6da\WAD0105\Configuration\MaConfig.xml" -ShutDownEvent WADDM-ShutDown-def7d7fc90a24509a20d9db1f16bccc9  -TotalShutDownEvent WADDM-TotalShutDown-def7d7fc90a24509a20d9db1f16bccc9 -InitializedEvent WADM-StartUp-def7d7fc90a24509a20d9db1f16bccc9 -parent 8584 -events -wadVer1v5 -UseProxyServer -XStoreAccounts WadAccount#true#devstoreaccount1#Eby8vdM02xNOcqFlqUwJPLlmEtlCDXJ1OUzFT50uSRZ6IFsuFq2UVErCz4I6tq/K1SZFPTOtr/KBHBeksoGMGw==#http://127.0.0.1:10002#http://127.0.0.1:10001#http://127.0.0.1:10000
DiagnosticsPlugin.exe Error: 0 : [02.10.2022 17:28:51] Microsoft.Cis.Monitoring.Query.QueryException: ErrorFail
   в Microsoft.Cis.Monitoring.Query.QueryLocalTable..ctor(String TableName, String TablePath)
   в ApplicationInsightsExtension.MATableReader.ReadTableRecords(String tableName, String tablePath, DateTime startTime, DateTime endTime)
   в Microsoft.Azure.Plugins.Diagnostics.dll.MAStatusWriter.UpdateStatusReport(Object sender, ElapsedEventArgs e)
DiagnosticsPlugin.exe Information: 0 : [02.10.2022 17:29:21] MonAgentHost.exe started
DiagnosticsPlugin.exe Information: 0 : [02.10.2022 17:29:21] DiagnoticsPlugin started.
DiagnosticsPlugin.exe Information: 0 : [02.10.2022 17:29:21] DiagnoticsPlugin now waiting on events "DiagnosticPlugin-ShutdownEvent", "DiagnosticPlugin-TotalShutdownEvent" or "DiagnosticPlugin-RestartEvent".
DiagnosticsPlugin.exe Error: 0 : [02.10.2022 17:29:21] Microsoft.Cis.Monitoring.Query.QueryException: ErrorFail
   в Microsoft.Cis.Monitoring.Query.QueryLocalTable..ctor(String TableName, String TablePath)
   в ApplicationInsightsExtension.MATableReader.ReadTableRecords(String tableName, String tablePath, DateTime startTime, DateTime endTime)
   в Microsoft.Azure.Plugins.Diagnostics.dll.MAStatusWriter.UpdateStatusReport(Object sender, ElapsedEventArgs e)
DiagnosticsPlugin.exe Error: 0 : [02.10.2022 17:29:51] Microsoft.Cis.Monitoring.Query.QueryException: ErrorFail
   в Microsoft.Cis.Monitoring.Query.QueryLocalTable..ctor(String TableName, String TablePath)
   в ApplicationInsightsExtension.MATableReader.ReadTableRecords(String tableName, String tablePath, DateTime startTime, DateTime endTime)
   в Microsoft.Azure.Plugins.Diagnostics.dll.MAStatusWriter.UpdateStatusReport(Object sender, ElapsedEventArgs e)
DiagnosticsPlugin.exe Information: 0 : [02.10.2022 17:30:19] Failed to update IIS Directory state in directory monitor
Не удалось получить фабрику класса COM для компонента с CLSID {2B72133B-3F5B-4602-8952-803546CE3344} из-за следующей ошибки: 80040154 Класс не зарегистрирован (Исключение из HRESULT: 0x80040154 (REGDB_E_CLASSNOTREG)).
DiagnosticsPlugin.exe Error: 0 : [02.10.2022 17:30:21] Microsoft.Cis.Monitoring.Query.QueryException: ErrorFail
   в Microsoft.Cis.Monitoring.Query.QueryLocalTable..ctor(String TableName, String TablePath)
   в ApplicationInsightsExtension.MATableReader.ReadTableRecords(String tableName, String tablePath, DateTime startTime, DateTime endTime)
   в Microsoft.Azure.Plugins.Diagnostics.dll.MAStatusWriter.UpdateStatusReport(Object sender, ElapsedEventArgs e)
DiagnosticsPlugin.exe Error: 0 : [02.10.2022 17:30:51] Microsoft.Cis.Monitoring.Query.QueryException: ErrorFail
   в Microsoft.Cis.Monitoring.Query.QueryLocalTable..ctor(String TableName, String TablePath)
   в ApplicationInsightsExtension.MATableReader.ReadTableRecords(String tableName, String tablePath, DateTime startTime, DateTime endTime)
   в Microsoft.Azure.Plugins.Diagnostics.dll.MAStatusWriter.UpdateStatusReport(Object sender, ElapsedEventArgs e)
DiagnosticsPlugin.exe Error: 0 : [02.10.2022 17:31:21] Microsoft.Cis.Monitoring.Query.QueryException: ErrorFail
   в Microsoft.Cis.Monitoring.Query.QueryLocalTable..ctor(String TableName, String TablePath)
   в ApplicationInsightsExtension.MATableReader.ReadTableRecords(String tableName, String tablePath, DateTime startTime, DateTime endTime)
   в Microsoft.Azure.Plugins.Diagnostics.dll.MAStatusWriter.UpdateStatusReport(Object sender, ElapsedEventArgs e)
DiagnosticsPlugin.exe Error: 0 : [02.10.2022 17:31:51] Microsoft.Cis.Monitoring.Query.QueryException: ErrorFail
   в Microsoft.Cis.Monitoring.Query.QueryLocalTable..ctor(String TableName, String TablePath)
   в ApplicationInsightsExtension.MATableReader.ReadTableRecords(String tableName, String tablePath, DateTime startTime, DateTime endTime)
   в Microsoft.Azure.Plugins.Diagnostics.dll.MAStatusWriter.UpdateStatusReport(Object sender, ElapsedEventArgs e)
DiagnosticsPlugin.exe Error: 0 : [02.10.2022 17:32:21] Microsoft.Cis.Monitoring.Query.QueryException: ErrorFail
   в Microsoft.Cis.Monitoring.Query.QueryLocalTable..ctor(String TableName, String TablePath)
   в ApplicationInsightsExtension.MATableReader.ReadTableRecords(String tableName, String tablePath, DateTime startTime, DateTime endTime)
   в Microsoft.Azure.Plugins.Diagnostics.dll.MAStatusWriter.UpdateStatusReport(Object sender, ElapsedEventArgs e)
DiagnosticsPlugin.exe Error: 0 : [02.10.2022 17:32:51] Microsoft.Cis.Monitoring.Query.QueryException: ErrorFail
   в Microsoft.Cis.Monitoring.Query.QueryLocalTable..ctor(String TableName, String TablePath)
   в ApplicationInsightsExtension.MATableReader.ReadTableRecords(String tableName, String tablePath, DateTime startTime, DateTime endTime)
   в Microsoft.Azure.Plugins.Diagnostics.dll.MAStatusWriter.UpdateStatusReport(Object sender, ElapsedEventArgs e)
DiagnosticsPlugin.exe Error: 0 : [02.10.2022 17:33:21] Microsoft.Cis.Monitoring.Query.QueryException: ErrorFail
   в Microsoft.Cis.Monitoring.Query.QueryLocalTable..ctor(String TableName, String TablePath)
   в ApplicationInsightsExtension.MATableReader.ReadTableRecords(String tableName, String tablePath, DateTime startTime, DateTime endTime)
   в Microsoft.Azure.Plugins.Diagnostics.dll.MAStatusWriter.UpdateStatusReport(Object sender, ElapsedEventArgs e)
DiagnosticsPlugin.exe Error: 0 : [02.10.2022 17:33:51] Microsoft.Cis.Monitoring.Query.QueryException: ErrorFail
   в Microsoft.Cis.Monitoring.Query.QueryLocalTable..ctor(String TableName, String TablePath)
   в ApplicationInsightsExtension.MATableReader.ReadTableRecords(String tableName, String tablePath, DateTime startTime, DateTime endTime)
   в Microsoft.Azure.Plugins.Diagnostics.dll.MAStatusWriter.UpdateStatusReport(Object sender, ElapsedEventArgs e)
DiagnosticsPlugin.exe Error: 0 : [02.10.2022 17:34:21] Microsoft.Cis.Monitoring.Query.QueryException: ErrorFail
   в Microsoft.Cis.Monitoring.Query.QueryLocalTable..ctor(String TableName, String TablePath)
   в ApplicationInsightsExtension.MATableReader.ReadTableRecords(String tableName, String tablePath, DateTime startTime, DateTime endTime)
   в Microsoft.Azure.Plugins.Diagnostics.dll.MAStatusWriter.UpdateStatusReport(Object sender, ElapsedEventArgs e)
DiagnosticsPlugin.exe Error: 0 : [02.10.2022 17:34:51] Microsoft.Cis.Monitoring.Query.QueryException: ErrorFail
   в Microsoft.Cis.Monitoring.Query.QueryLocalTable..ctor(String TableName, String TablePath)
   в ApplicationInsightsExtension.MATableReader.ReadTableRecords(String tableName, String tablePath, DateTime startTime, DateTime endTime)
   в Microsoft.Azure.Plugins.Diagnostics.dll.MAStatusWriter.UpdateStatusReport(Object sender, ElapsedEventArgs e)
DiagnosticsPlugin.exe Error: 0 : [02.10.2022 17:35:21] Microsoft.Cis.Monitoring.Query.QueryException: ErrorFail
   в Microsoft.Cis.Monitoring.Query.QueryLocalTable..ctor(String TableName, String TablePath)
   в ApplicationInsightsExtension.MATableReader.ReadTableRecords(String tableName, String tablePath, DateTime startTime, DateTime endTime)
   в Microsoft.Azure.Plugins.Diagnostics.dll.MAStatusWriter.UpdateStatusReport(Object sender, ElapsedEventArgs e)
DiagnosticsPlugin.exe Error: 0 : [02.10.2022 17:35:51] Microsoft.Cis.Monitoring.Query.QueryException: ErrorFail
   в Microsoft.Cis.Monitoring.Query.QueryLocalTable..ctor(String TableName, String TablePath)
   в ApplicationInsightsExtension.MATableReader.ReadTableRecords(String tableName, String tablePath, DateTime startTime, DateTime endTime)
   в Microsoft.Azure.Plugins.Diagnostics.dll.MAStatusWriter.UpdateStatusReport(Object sender, ElapsedEventArgs e)
DiagnosticsPlugin.exe Error: 0 : [02.10.2022 17:36:21] Microsoft.Cis.Monitoring.Query.QueryException: ErrorFail
   в Microsoft.Cis.Monitoring.Query.QueryLocalTable..ctor(String TableName, String TablePath)
   в ApplicationInsightsExtension.MATableReader.ReadTableRecords(String tableName, String tablePath, DateTime startTime, DateTime endTime)
   в Microsoft.Azure.Plugins.Diagnostics.dll.MAStatusWriter.UpdateStatusReport(Object sender, ElapsedEventArgs e)
DiagnosticsPlugin.exe Error: 0 : [02.10.2022 17:36:51] Microsoft.Cis.Monitoring.Query.QueryException: ErrorFail
   в Microsoft.Cis.Monitoring.Query.QueryLocalTable..ctor(String TableName, String TablePath)
   в ApplicationInsightsExtension.MATableReader.ReadTableRecords(String tableName, String tablePath, DateTime startTime, DateTime endTime)
   в Microsoft.Azure.Plugins.Diagnostics.dll.MAStatusWriter.UpdateStatusReport(Object sender, ElapsedEventArgs e)
